[debug] [2018-03-31T11:58:36.614Z] ----------------------------------------------------------------------
[debug] [2018-03-31T11:58:36.616Z] Command:       /usr/local/bin/node /usr/local/bin/firebase serve
[debug] [2018-03-31T11:58:36.617Z] CLI Version:   3.17.6
[debug] [2018-03-31T11:58:36.617Z] Platform:      darwin
[debug] [2018-03-31T11:58:36.617Z] Node Version:  v8.9.4
[debug] [2018-03-31T11:58:36.617Z] Time:          Sat Mar 31 2018 12:58:36 GMT+0100 (BST)
[debug] [2018-03-31T11:58:36.617Z] ----------------------------------------------------------------------
[debug] 
[debug] [2018-03-31T11:58:36.635Z] > command requires scopes: ["email","openid","https://www.googleapis.com/auth/cloudplatformprojects.readonly","https://www.googleapis.com/auth/firebase","https://www.googleapis.com/auth/cloud-platform"]
[debug] [2018-03-31T11:58:36.635Z] > authorizing via signed-in user
[debug] [2018-03-31T11:58:36.638Z] > refreshing access token with scopes: ["email","https://www.googleapis.com/auth/cloud-platform","https://www.googleapis.com/auth/cloudplatformprojects.readonly","https://www.googleapis.com/auth/firebase","openid"]
[debug] [2018-03-31T11:58:36.638Z] >>> HTTP REQUEST POST https://www.googleapis.com/oauth2/v3/token  
 { refresh_token: '1/ffPteuuA8MkJxVpA7MwEG9tb8I38SMd2-P-G_GrlFj0',
  client_id: '563584335869-fgrhgmd47bqnekij5i8b5pr03ho849e6.apps.googleusercontent.com',
  client_secret: 'j9iVZfS8kkCEFUPaAeJV0sAi',
  grant_type: 'refresh_token',
  scope: 'email https://www.googleapis.com/auth/cloud-platform https://www.googleapis.com/auth/cloudplatformprojects.readonly https://www.googleapis.com/auth/firebase openid' } 
 Sat Mar 31 2018 12:58:36 GMT+0100 (BST)
[debug] [2018-03-31T11:58:36.790Z] <<< HTTP RESPONSE 200
[debug] [2018-03-31T11:58:36.798Z] >>> HTTP REQUEST GET https://admin.firebase.com/v1/projects/my-fire-9da77  
  
 Sat Mar 31 2018 12:58:36 GMT+0100 (BST)
[debug] [2018-03-31T11:58:37.718Z] <<< HTTP RESPONSE 200
[debug] [2018-03-31T11:58:37.718Z] >>> HTTP REQUEST GET https://admin.firebase.com/v1/database/my-fire-9da77/tokens  
  
 Sat Mar 31 2018 12:58:37 GMT+0100 (BST)
[debug] [2018-03-31T11:58:38.356Z] <<< HTTP RESPONSE 200
[debug] [2018-03-31T11:58:38.357Z] >>> HTTP REQUEST GET https://cloudresourcemanager.googleapis.com/v1/projects/my-fire-9da77  
  
 Sat Mar 31 2018 12:58:38 GMT+0100 (BST)
[debug] [2018-03-31T11:58:39.302Z] <<< HTTP RESPONSE 200
[info] 
[info] === Serving from '/Users/Nick/Desktop/repos/my-fire'...
[info] 
[debug] [2018-03-31T11:58:39.305Z] >>> HTTP REQUEST GET https://mobilesdk-pa.googleapis.com/v1/projects/274167886619/clients/_:getWebAppConfig  
  
 Sat Mar 31 2018 12:58:39 GMT+0100 (BST)
[debug] [2018-03-31T11:58:39.919Z] <<< HTTP RESPONSE 200
[info] i  hosting: Serving hosting files from: public
[info] ✔  hosting: Local server: http://localhost:5000

